<?xml version="1.0" encoding="UTF-8"?>
<!-- Generated by org.testng.reporters.JUnitXMLReporter -->
<testsuite ignored="0" hostname="DESKTOP-10BP95J" failures="0" tests="5" name="Default test" time="47.244" errors="0" timestamp="2023-06-07T14:31:16 IST">
  <testcase classname="Tests.TestCases" name="LoginTest1" time="0.348"/>
  <testcase classname="Tests.TestCases" name="LoginWithNo" time="5.689"/>
  <testcase classname="Tests.TestCases" name="OTPVerification" time="3.876"/>
  <testcase classname="Tests.TestCases" name="profilePage" time="30.088"/>
  <testcase classname="Tests.TestCases" name="StripeAction" time="0.331"/>
</testsuite> <!-- Default test -->
