<?xml version="1.0" encoding="UTF-8"?>
<!-- Generated by org.testng.reporters.JUnitXMLReporter -->
<testsuite ignored="0" hostname="DESKTOP-10BP95J" failures="0" tests="5" name="Default test" time="46.554" errors="0" timestamp="2023-06-07T11:20:25 IST">
  <testcase classname="Tests.TestCases" name="LoginTest1" time="0.7"/>
  <testcase classname="Tests.TestCases" name="LoginWithNo" time="4.259"/>
  <testcase classname="Tests.TestCases" name="OTPVerification" time="4.995"/>
  <testcase classname="Tests.TestCases" name="profilePage" time="27.937"/>
  <testcase classname="Tests.TestCases" name="StripeAction" time="2.91"/>
</testsuite> <!-- Default test -->
