<?xml version="1.0" encoding="UTF-8"?>
<testng-results ignored="0" total="5" passed="5" failed="0" skipped="0">
  <reporter-output>
  </reporter-output>
  <suite started-at="2023-06-07T11:19:38 IST" name="Default suite" finished-at="2023-06-07T11:20:25 IST" duration-ms="46554">
    <groups>
    </groups>
    <test started-at="2023-06-07T11:19:38 IST" name="Default test" finished-at="2023-06-07T11:20:25 IST" duration-ms="46554">
      <class name="Tests.TestCases">
        <test-method is-config="true" signature="browser()[pri:0, instance:Tests.TestCases@121314f7]" started-at="2023-06-07T11:19:38 IST" name="browser" finished-at="2023-06-07T11:19:44 IST" duration-ms="5616" status="PASS">
          <reporter-output>
          </reporter-output>
        </test-method> <!-- browser -->
        <test-method signature="LoginTest1()[pri:0, instance:Tests.TestCases@121314f7]" started-at="2023-06-07T11:19:44 IST" name="LoginTest1" finished-at="2023-06-07T11:19:45 IST" duration-ms="700" status="PASS">
          <reporter-output>
          </reporter-output>
        </test-method> <!-- LoginTest1 -->
        <test-method signature="LoginWithNo()[pri:1, instance:Tests.TestCases@121314f7]" started-at="2023-06-07T11:19:45 IST" name="LoginWithNo" finished-at="2023-06-07T11:19:49 IST" duration-ms="4259" status="PASS">
          <reporter-output>
          </reporter-output>
        </test-method> <!-- LoginWithNo -->
        <test-method signature="OTPVerification()[pri:2, instance:Tests.TestCases@121314f7]" started-at="2023-06-07T11:19:49 IST" name="OTPVerification" finished-at="2023-06-07T11:19:54 IST" duration-ms="4995" status="PASS">
          <reporter-output>
          </reporter-output>
        </test-method> <!-- OTPVerification -->
        <test-method signature="profilePage()[pri:3, instance:Tests.TestCases@121314f7]" started-at="2023-06-07T11:19:54 IST" name="profilePage" finished-at="2023-06-07T11:20:22 IST" duration-ms="27937" status="PASS">
          <reporter-output>
          </reporter-output>
        </test-method> <!-- profilePage -->
        <test-method signature="StripeAction()[pri:4, instance:Tests.TestCases@121314f7]" started-at="2023-06-07T11:20:22 IST" name="StripeAction" finished-at="2023-06-07T11:20:25 IST" duration-ms="2910" status="PASS">
          <reporter-output>
          </reporter-output>
        </test-method> <!-- StripeAction -->
        <test-method is-config="true" signature="CloseBrowser()[pri:0, instance:Tests.TestCases@121314f7]" started-at="2023-06-07T11:20:25 IST" name="CloseBrowser" finished-at="2023-06-07T11:20:25 IST" duration-ms="1" status="PASS">
          <reporter-output>
          </reporter-output>
        </test-method> <!-- CloseBrowser -->
      </class> <!-- Tests.TestCases -->
    </test> <!-- Default test -->
  </suite> <!-- Default suite -->
</testng-results>
