<?xml version="1.0" encoding="UTF-8"?>
<testng-results ignored="0" total="5" passed="5" failed="0" skipped="0">
  <reporter-output>
  </reporter-output>
  <suite started-at="2023-06-07T14:30:29 IST" name="Default suite" finished-at="2023-06-07T14:31:16 IST" duration-ms="47244">
    <groups>
    </groups>
    <test started-at="2023-06-07T14:30:29 IST" name="Default test" finished-at="2023-06-07T14:31:16 IST" duration-ms="47244">
      <class name="Tests.TestCases">
        <test-method is-config="true" signature="browser()[pri:0, instance:Tests.TestCases@121314f7]" started-at="2023-06-07T14:30:29 IST" name="browser" finished-at="2023-06-07T14:30:35 IST" duration-ms="6441" status="PASS">
          <reporter-output>
          </reporter-output>
        </test-method> <!-- browser -->
        <test-method signature="LoginTest1()[pri:0, instance:Tests.TestCases@121314f7]" started-at="2023-06-07T14:30:35 IST" name="LoginTest1" finished-at="2023-06-07T14:30:36 IST" duration-ms="348" status="PASS">
          <reporter-output>
          </reporter-output>
        </test-method> <!-- LoginTest1 -->
        <test-method signature="LoginWithNo()[pri:1, instance:Tests.TestCases@121314f7]" started-at="2023-06-07T14:30:36 IST" name="LoginWithNo" finished-at="2023-06-07T14:30:41 IST" duration-ms="5689" status="PASS">
          <reporter-output>
          </reporter-output>
        </test-method> <!-- LoginWithNo -->
        <test-method signature="OTPVerification()[pri:2, instance:Tests.TestCases@121314f7]" started-at="2023-06-07T14:30:41 IST" name="OTPVerification" finished-at="2023-06-07T14:30:45 IST" duration-ms="3876" status="PASS">
          <reporter-output>
          </reporter-output>
        </test-method> <!-- OTPVerification -->
        <test-method signature="profilePage()[pri:3, instance:Tests.TestCases@121314f7]" started-at="2023-06-07T14:30:45 IST" name="profilePage" finished-at="2023-06-07T14:31:15 IST" duration-ms="30088" status="PASS">
          <reporter-output>
          </reporter-output>
        </test-method> <!-- profilePage -->
        <test-method signature="StripeAction()[pri:4, instance:Tests.TestCases@121314f7]" started-at="2023-06-07T14:31:15 IST" name="StripeAction" finished-at="2023-06-07T14:31:16 IST" duration-ms="331" status="PASS">
          <reporter-output>
          </reporter-output>
        </test-method> <!-- StripeAction -->
        <test-method is-config="true" signature="CloseBrowser()[pri:0, instance:Tests.TestCases@121314f7]" started-at="2023-06-07T14:31:16 IST" name="CloseBrowser" finished-at="2023-06-07T14:31:16 IST" duration-ms="371" status="PASS">
          <reporter-output>
          </reporter-output>
        </test-method> <!-- CloseBrowser -->
      </class> <!-- Tests.TestCases -->
    </test> <!-- Default test -->
  </suite> <!-- Default suite -->
</testng-results>
